<?xml version="1.0" encoding="UTF-8"?>
<!-- Generated by org.testng.reporters.JUnitReportReporter -->
<testsuite skipped="0" hostname="DESKTOP-AIBD1RS" name="test.cartPage" tests="1" failures="0" timestamp="15 Nov 2020 12:49:22 GMT" time="1.073" errors="0">
  <testcase name="Veg" time="1.073" classname="test.cartPage"/>
</testsuite> <!-- test.cartPage -->
