<?xml version="1.0" encoding="UTF-8"?>
<!-- Generated by org.testng.reporters.JUnitReportReporter -->
<testsuite skipped="0" hostname="DESKTOP-AIBD1RS" name="test.cartPage" tests="1" failures="0" timestamp="15 Nov 2020 13:46:58 GMT" time="0.418" errors="0">
  <testcase name="Veg" time="0.418" classname="test.cartPage"/>
</testsuite> <!-- test.cartPage -->
